C:\USERS\администратор\DOCUMENTS\VISUAL STUDIO 2012\PROJECTS\WAKISPAM_CPP\WAKISPAM_CPP\DEBUG\MAIN.OBJ
C:\USERS\АДМИНИСТРАТОР\DOCUMENTS\VISUAL STUDIO 2012\PROJECTS\WAKISPAM_CPP\WAKISPAM_CPP\DEBUG\VC110.PDB
C:\USERS\администратор\DOCUMENTS\VISUAL STUDIO 2012\PROJECTS\WAKISPAM_CPP\DEBUG\WAKISPAM_CPP.ILK
C:\USERS\администратор\DOCUMENTS\VISUAL STUDIO 2012\PROJECTS\WAKISPAM_CPP\DEBUG\WAKISPAM_CPP.EXE
C:\USERS\АДМИНИСТРАТОР\DOCUMENTS\VISUAL STUDIO 2012\PROJECTS\WAKISPAM_CPP\DEBUG\WAKISPAM_CPP.PDB
c:\Users\администратор\documents\visual studio 2012\Projects\WakiSpam_CPP\WakiSpam_CPP\Debug\WakiSpam_CPP.main.resources
c:\Users\администратор\documents\visual studio 2012\Projects\WakiSpam_CPP\WakiSpam_CPP\Debug\WakiSpam_CPP.vcxproj.GenerateResource.Cache
c:\Users\администратор\documents\visual studio 2012\Projects\WakiSpam_CPP\WakiSpam_CPP\Debug\main.obj
c:\Users\администратор\documents\visual studio 2012\Projects\WakiSpam_CPP\WakiSpam_CPP\Debug\cl.command.1.tlog
c:\Users\администратор\documents\visual studio 2012\Projects\WakiSpam_CPP\WakiSpam_CPP\Debug\CL.read.1.tlog
c:\Users\администратор\documents\visual studio 2012\Projects\WakiSpam_CPP\WakiSpam_CPP\Debug\CL.write.1.tlog
c:\Users\администратор\documents\visual studio 2012\Projects\WakiSpam_CPP\WakiSpam_CPP\Debug\link.1272-cvtres.read.1.tlog
c:\Users\администратор\documents\visual studio 2012\Projects\WakiSpam_CPP\WakiSpam_CPP\Debug\link.1272-cvtres.write.1.tlog
c:\Users\администратор\documents\visual studio 2012\Projects\WakiSpam_CPP\WakiSpam_CPP\Debug\link.1272-rc.read.1.tlog
c:\Users\администратор\documents\visual studio 2012\Projects\WakiSpam_CPP\WakiSpam_CPP\Debug\link.1272-rc.write.1.tlog
c:\Users\администратор\documents\visual studio 2012\Projects\WakiSpam_CPP\WakiSpam_CPP\Debug\link.1272.read.1.tlog
c:\Users\администратор\documents\visual studio 2012\Projects\WakiSpam_CPP\WakiSpam_CPP\Debug\link.1272.write.1.tlog
c:\Users\администратор\documents\visual studio 2012\Projects\WakiSpam_CPP\WakiSpam_CPP\Debug\link.command.1.tlog
c:\Users\администратор\documents\visual studio 2012\Projects\WakiSpam_CPP\WakiSpam_CPP\Debug\link.read.1.tlog
c:\Users\администратор\documents\visual studio 2012\Projects\WakiSpam_CPP\WakiSpam_CPP\Debug\link.write.1.tlog
c:\Users\администратор\documents\visual studio 2012\Projects\WakiSpam_CPP\WakiSpam_CPP\Debug\metagen.read.1.tlog
c:\Users\администратор\documents\visual studio 2012\Projects\WakiSpam_CPP\WakiSpam_CPP\Debug\metagen.write.1.tlog
c:\Users\администратор\documents\visual studio 2012\Projects\WakiSpam_CPP\WakiSpam_CPP\Debug\WakiSpam_CPP.write.1.tlog
c:\Users\администратор\documents\visual studio 2012\Projects\WakiSpam_CPP\WakiSpam_CPP\Debug\vc110.pdb
c:\Users\администратор\documents\visual studio 2012\Projects\WakiSpam_CPP\WakiSpam_CPP\Debug\RSAENH.DLL.bi
c:\Users\администратор\documents\visual studio 2012\Projects\WakiSpam_CPP\WakiSpam_CPP\Debug\TZRES.DLL.bi
c:\users\администратор\documents\visual studio 2012\Projects\WakiSpam_CPP\Debug\WakiSpam_CPP.pdb
c:\users\администратор\documents\visual studio 2012\Projects\WakiSpam_CPP\Debug\WakiSpam_CPP.exe
c:\users\администратор\documents\visual studio 2012\Projects\WakiSpam_CPP\Debug\WakiSpam_CPP.ilk
